<?xml version="1.0" encoding="UTF-8"?>
<!-- Generated by org.testng.reporters.JUnitReportReporter -->
<testsuite hostname="W7LPC0HQ7HU" name="guru.prach.BrowserOpen" tests="1" failures="0" timestamp="20 Apr 2019 16:55:25 GMT" time="2.254" errors="0">
  <testcase name="verifySearchButton" time="2.254" classname="guru.prach.BrowserOpen"/>
</testsuite> <!-- guru.prach.BrowserOpen -->
